|[32mINFO[m|[36m2021-05-09 00:33:47,674[m|[34mmain[m|[35mDemoStartUpFlow[m|[0mDemoStartUpFlow is running...[m|
|[32mINFO[m|[36m2021-05-09 00:33:47,685[m|[34mmain[m|[35mCommonConfig[m|[0mCommonConfig is running...[m|
|[32mINFO[m|[36m2021-05-09 00:33:47,950[m|[34mmain[m|[35mCommonConfig[m|[0mLoad config success: {"redis_topic":"DB_CONFIG","redis":{"host":"localhost","port":6379},"db":{"maximumPoolSize":2,"driver_class":"com.mysql.cj.jdbc.MysqlDataSource","port":3321,"url":"jdbc:mysql://61.28.227.57:3321/unipass?user=root&password=st%40vng&allowPublicKeyRetrieval=true&useSSL=false","username":"root","password":"st@vng","flyway":{"driver":"com.mysql.cj.jdbc.MysqlDataSource","outOfOrder":true,"validateOnMigrate":false}}}[m|
|[32mINFO[m|[36m2021-05-09 00:33:47,951[m|[34mmain[m|[35mCommonDbConfig[m|[0mCommonDbConfig is running...[m|
|[32mINFO[m|[36m2021-05-09 00:33:48,093[m|[34mMLog-Init-Reporter[m|[35mMLog[m|[0mMLog clients using slf4j logging.[m|
|[32mINFO[m|[36m2021-05-09 00:33:48,171[m|[34mvert.x-worker-thread-0[m|[35mC3P0Registry[m|[0mInitializing c3p0-0.9.5.4 [built 23-March-2019 23:00:48 -0700; debug? true; trace: 10][m|
|[1;31mERROR[m|[36m2021-05-09 00:33:48,539[m|[34mvert.x-eventloop-thread-0[m|[35mRedisClientFactory[m|[1;31mRedis client can not connect[m|
|[32mINFO[m|[36m2021-05-09 00:33:48,603[m|[34mvertx-jdbc-service-get-connection-thread[m|[35mAbstractPoolBackedDataSource[m|[0mInitializing c3p0 pool... com.mchange.v2.c3p0.ComboPooledDataSource [ acquireIncrement -> 3, acquireRetryAttempts -> 30, acquireRetryDelay -> 1000, autoCommitOnClose -> false, automaticTestTable -> null, breakAfterAcquireFailure -> false, checkoutTimeout -> 0, connectionCustomizerClassName -> null, connectionTesterClassName -> com.mchange.v2.c3p0.impl.DefaultConnectionTester, contextClassLoaderSource -> caller, dataSourceName -> 1hge168ahldjzsxhll5cr|4a59804d, debugUnreturnedConnectionStackTraces -> false, description -> null, driverClass -> com.mysql.cj.jdbc.MysqlDataSource, extensions -> {}, factoryClassLocation -> null, forceIgnoreUnresolvedTransactions -> false, forceSynchronousCheckins -> false, forceUseNamedDriverClass -> false, identityToken -> 1hge168ahldjzsxhll5cr|4a59804d, idleConnectionTestPeriod -> 0, initialPoolSize -> 3, jdbcUrl -> jdbc:mysql://61.28.227.57:3321/unipass?user=root&password=st%40vng&allowPublicKeyRetrieval=true&useSSL=false, maxAdministrativeTaskTime -> 0, maxConnectionAge -> 0, maxIdleTime -> 0, maxIdleTimeExcessConnections -> 0, maxPoolSize -> 15, maxStatements -> 0, maxStatementsPerConnection -> 0, minPoolSize -> 3, numHelperThreads -> 3, preferredTestQuery -> null, privilegeSpawnedThreads -> false, properties -> {password=******}, propertyCycle -> 0, statementCacheNumDeferredCloseThreads -> 0, testConnectionOnCheckin -> false, testConnectionOnCheckout -> false, unreturnedConnectionTimeout -> 0, userOverrides -> {}, usesTraditionalReflectiveProxies -> false ][m|
|[1;31mERROR[m|[36m2021-05-09 00:33:48,958[m|[34mvert.x-eventloop-thread-1[m|[35mBaseJDBCClientImpl[m|[1;31mQuery failed: java.sql.SQLSyntaxErrorException: Table 'unipass.config' doesn't exist\n	at com.mysql.cj.jdbc.exceptions.SQLError.createSQLException(SQLError.java:120)\n	at com.mysql.cj.jdbc.exceptions.SQLExceptionsMapping.translateException(SQLExceptionsMapping.java:122)\n	at com.mysql.cj.jdbc.ClientPreparedStatement.executeInternal(ClientPreparedStatement.java:953)\n	at com.mysql.cj.jdbc.ClientPreparedStatement.execute(ClientPreparedStatement.java:370)\n	at com.mchange.v2.c3p0.impl.NewProxyPreparedStatement.execute(NewProxyPreparedStatement.java:67)\n	at io.vertx.ext.jdbc.impl.actions.JDBCQuery.execute(JDBCQuery.java:48)\n	at io.vertx.ext.jdbc.impl.actions.JDBCQuery.execute(JDBCQuery.java:30)\n	at io.vertx.ext.jdbc.impl.JDBCClientImpl.lambda$executeDirect$3(JDBCClientImpl.java:179)\n	at io.vertx.core.impl.FutureImpl.tryComplete(FutureImpl.java:126)\n	at io.vertx.core.impl.FutureImpl.complete(FutureImpl.java:87)\n	at io.vertx.ext.jdbc.impl.JDBCClientImpl.lambda$null$4(JDBCClientImpl.java:225)\n	at java.base/java.util.concurrent.ThreadPoolExecutor.runWorker(ThreadPoolExecutor.java:1128)\n	at java.base/java.util.concurrent.ThreadPoolExecutor$Worker.run(ThreadPoolExecutor.java:628)\n	at java.base/java.lang.Thread.run(Thread.java:834)[m|
|[32mINFO[m|[36m2021-05-09 00:35:28,505[m|[34mmain[m|[35mDemoStartUpFlow[m|[0mDemoStartUpFlow is running...[m|
|[32mINFO[m|[36m2021-05-09 00:35:28,516[m|[34mmain[m|[35mCommonConfig[m|[0mCommonConfig is running...[m|
|[32mINFO[m|[36m2021-05-09 00:35:28,758[m|[34mmain[m|[35mCommonConfig[m|[0mLoad config success: {"redis_topic":"DB_CONFIG","redis":{"host":"localhost","port":6379},"db":{"maximumPoolSize":2,"driver_class":"com.mysql.cj.jdbc.MysqlDataSource","port":3321,"url":"jdbc:mysql://61.28.227.57:3321/unipass?user=root&password=st%40vng&allowPublicKeyRetrieval=true&useSSL=false","username":"root","password":"st@vng","flyway":{"driver":"com.mysql.cj.jdbc.MysqlDataSource","outOfOrder":true,"validateOnMigrate":false}}}[m|
|[32mINFO[m|[36m2021-05-09 00:35:28,760[m|[34mmain[m|[35mRedisClientFactory[m|[0mRedisClientFactory is running...[m|
|[32mINFO[m|[36m2021-05-09 00:35:28,760[m|[34mmain[m|[35mRedisClientFactory[m|[0mConnect to redis with config: {"host":"localhost","port":6379}[m|
|[32mINFO[m|[36m2021-05-09 00:35:28,777[m|[34mmain[m|[35mRedisClientFactory[m|[0mRedis io.vertx.redis.impl.RedisClientImpl@62fad19[m|
|[32mINFO[m|[36m2021-05-09 00:35:28,777[m|[34mmain[m|[35mStartHttpServerTask[m|[0mStartHttpServerTask is running...[m|
|[33mWARN[m|[36m2021-05-09 00:35:28,778[m|[34mmain[m|[35mStartHttpServerTask[m|[33mHttp server is starting...[m|
|[32mINFO[m|[36m2021-05-09 00:35:29,007[m|[34mmain[m|[35mStartHttpServerTask[m|[0mStart http server success[m|
|[32mINFO[m|[36m2021-05-09 00:35:29,011[m|[34mmain[m|[35mMain[m|[0mService start success[m|
|[32mINFO[m|[36m2021-05-09 00:36:36,637[m|[34mmain[m|[35mDemoStartUpFlow[m|[0mDemoStartUpFlow is running...[m|
|[32mINFO[m|[36m2021-05-09 00:36:36,640[m|[34mmain[m|[35mCommonConfig[m|[0mCommonConfig is running...[m|
|[32mINFO[m|[36m2021-05-09 00:36:36,834[m|[34mmain[m|[35mCommonConfig[m|[0mLoad config success: {"redis_topic":"DB_CONFIG","redis":{"host":"localhost","port":6379},"db":{"maximumPoolSize":2,"driver_class":"com.mysql.cj.jdbc.MysqlDataSource","port":3321,"url":"jdbc:mysql://61.28.227.57:3321/unipass?user=root&password=st%40vng&allowPublicKeyRetrieval=true&useSSL=false","username":"root","password":"st@vng","flyway":{"driver":"com.mysql.cj.jdbc.MysqlDataSource","outOfOrder":true,"validateOnMigrate":false}}}[m|
|[32mINFO[m|[36m2021-05-09 00:36:36,835[m|[34mmain[m|[35mRedisClientFactory[m|[0mRedisClientFactory is running...[m|
|[32mINFO[m|[36m2021-05-09 00:36:36,836[m|[34mmain[m|[35mRedisClientFactory[m|[0mConnect to redis with config: {"host":"localhost","port":6379}[m|
|[32mINFO[m|[36m2021-05-09 00:36:36,852[m|[34mmain[m|[35mRedisClientFactory[m|[0mRedis io.vertx.redis.impl.RedisClientImpl@62fad19[m|
|[32mINFO[m|[36m2021-05-09 00:36:36,852[m|[34mmain[m|[35mStartHttpServerTask[m|[0mStartHttpServerTask is running...[m|
|[33mWARN[m|[36m2021-05-09 00:36:36,852[m|[34mmain[m|[35mStartHttpServerTask[m|[33mHttp server is starting...[m|
|[32mINFO[m|[36m2021-05-09 00:36:37,061[m|[34mmain[m|[35mStartHttpServerTask[m|[0mStart http server success[m|
|[32mINFO[m|[36m2021-05-09 00:36:37,064[m|[34mmain[m|[35mMain[m|[0mService start success[m|
|[32mINFO[m|[36m2021-05-09 00:38:26,750[m|[34mmain[m|[35mDemoStartUpFlow[m|[0mDemoStartUpFlow is running...[m|
|[32mINFO[m|[36m2021-05-09 00:38:26,756[m|[34mmain[m|[35mStartHttpServerTask[m|[0mStartHttpServerTask is running...[m|
|[33mWARN[m|[36m2021-05-09 00:38:26,757[m|[34mmain[m|[35mStartHttpServerTask[m|[33mHttp server is starting...[m|
|[32mINFO[m|[36m2021-05-09 00:38:26,935[m|[34mmain[m|[35mStartHttpServerTask[m|[0mStart http server success[m|
|[32mINFO[m|[36m2021-05-09 00:38:26,935[m|[34mmain[m|[35mMain[m|[0mService start success[m|
|[32mINFO[m|[36m2021-05-09 00:40:35,035[m|[34mmain[m|[35mDemoStartUpFlow[m|[0mDemoStartUpFlow is running...[m|
|[32mINFO[m|[36m2021-05-09 00:40:35,039[m|[34mmain[m|[35mStartHttpServerTask[m|[0mStartHttpServerTask is running...[m|
|[33mWARN[m|[36m2021-05-09 00:40:35,039[m|[34mmain[m|[35mStartHttpServerTask[m|[33mHttp server is starting...[m|
|[32mINFO[m|[36m2021-05-09 00:41:06,007[m|[34mmain[m|[35mStartHttpServerTask[m|[0mStart http server success[m|
|[32mINFO[m|[36m2021-05-09 00:41:06,009[m|[34mmain[m|[35mMain[m|[0mService start success[m|
|[32mINFO[m|[36m2021-05-09 00:41:57,151[m|[34mmain[m|[35mDemoStartUpFlow[m|[0mDemoStartUpFlow is running...[m|
|[32mINFO[m|[36m2021-05-09 00:41:57,159[m|[34mmain[m|[35mStartHttpServerTask[m|[0mStartHttpServerTask is running...[m|
|[33mWARN[m|[36m2021-05-09 00:41:57,159[m|[34mmain[m|[35mStartHttpServerTask[m|[33mHttp server is starting...[m|
|[32mINFO[m|[36m2021-05-09 00:41:57,329[m|[34mmain[m|[35mStartHttpServerTask[m|[0mStart http server success[m|
|[32mINFO[m|[36m2021-05-09 00:41:57,331[m|[34mmain[m|[35mMain[m|[0mService start success[m|
|[32mINFO[m|[36m2021-05-09 00:43:02,388[m|[34mvert.x-eventloop-thread-1[m|[35mHelloWorldHandler[m|[0mProcessing with request: {"name":"hoangtn"}[m|
|[32mINFO[m|[36m2021-05-09 00:43:02,397[m|[34mvert.x-eventloop-thread-1[m|[35mHelloWorldFlow[m|[0mHelloWorldFlow is running...[m|
|[32mINFO[m|[36m2021-05-09 00:43:02,397[m|[34mvert.x-eventloop-thread-1[m|[35mValidateHelloWorldReqTask[m|[0mValidateHelloWorldReqTask is running...[m|
|[32mINFO[m|[36m2021-05-09 00:43:02,398[m|[34mvert.x-eventloop-thread-1[m|[35mValidateHelloWorldReqTask[m|[0mValidate promotion request passed[m|
|[32mINFO[m|[36m2021-05-09 00:43:02,399[m|[34mvert.x-eventloop-thread-1[m|[35mExecHelloWorldTask[m|[0mExecHelloWorldTask is running...[m|
|[32mINFO[m|[36m2021-05-09 00:43:02,400[m|[34mvert.x-eventloop-thread-1[m|[35mBuildHelloWorldRespTask[m|[0mBuildHelloWorldRespTask is running...[m|
|[32mINFO[m|[36m2021-05-09 00:43:02,408[m|[34mvert.x-eventloop-thread-1[m|[35mHelloWorldHandler[m|[0mCalculate promotion done with response: {"requestId":"2bfa70a4-e596-4799-9b33-720d5d2b9504","user":null,"result":0,"description":"Success","extras":{},"greeting":"Hello hoangtn"}[m|
|[32mINFO[m|[36m2021-05-09 00:43:02,408[m|[34mvert.x-eventloop-thread-1[m|[35mHelloWorldHandler[m|[0m======================================================[m|
|[32mINFO[m|[36m2021-05-09 00:44:19,493[m|[34mmain[m|[35mDemoStartUpFlow[m|[0mDemoStartUpFlow is running...[m|
|[32mINFO[m|[36m2021-05-09 00:44:19,503[m|[34mmain[m|[35mStartHttpServerTask[m|[0mStartHttpServerTask is running...[m|
|[33mWARN[m|[36m2021-05-09 00:44:19,503[m|[34mmain[m|[35mStartHttpServerTask[m|[33mHttp server is starting...[m|
|[32mINFO[m|[36m2021-05-09 00:44:19,727[m|[34mmain[m|[35mStartHttpServerTask[m|[0mStart http server success[m|
|[32mINFO[m|[36m2021-05-09 00:44:19,728[m|[34mmain[m|[35mMain[m|[0mService start success[m|
|[32mINFO[m|[36m2021-05-09 00:44:23,745[m|[34mvert.x-eventloop-thread-1[m|[35mHelloWorldHandler[m|[0mProcessing with request: {"name":"hoangtn"}[m|
|[32mINFO[m|[36m2021-05-09 00:44:23,750[m|[34mvert.x-eventloop-thread-1[m|[35mHelloWorldFlow[m|[0mHelloWorldFlow is running...[m|
|[32mINFO[m|[36m2021-05-09 00:44:23,751[m|[34mvert.x-eventloop-thread-1[m|[35mValidateHelloWorldReqTask[m|[0mValidateHelloWorldReqTask is running...[m|
|[32mINFO[m|[36m2021-05-09 00:44:23,752[m|[34mvert.x-eventloop-thread-1[m|[35mValidateHelloWorldReqTask[m|[0mValidate promotion request passed[m|
|[32mINFO[m|[36m2021-05-09 00:44:23,752[m|[34mvert.x-eventloop-thread-1[m|[35mExecHelloWorldTask[m|[0mExecHelloWorldTask is running...[m|
|[32mINFO[m|[36m2021-05-09 00:44:23,753[m|[34mvert.x-eventloop-thread-1[m|[35mBuildHelloWorldRespTask[m|[0mBuildHelloWorldRespTask is running...[m|
|[32mINFO[m|[36m2021-05-09 00:44:23,764[m|[34mvert.x-eventloop-thread-1[m|[35mHelloWorldHandler[m|[0mCalculate promotion done with response: {"requestId":"e1953196-ae0a-4428-9afa-1361a8a5ab82","user":null,"result":0,"description":"Success","extras":{},"greeting":"Hello hoangtn"}[m|
|[32mINFO[m|[36m2021-05-09 00:44:23,765[m|[34mvert.x-eventloop-thread-1[m|[35mHelloWorldHandler[m|[0m======================================================[m|
|[32mINFO[m|[36m2021-05-09 00:44:24,828[m|[34mvert.x-eventloop-thread-1[m|[35mHelloWorldHandler[m|[0mProcessing with request: {"name":"hoangtn"}[m|
|[32mINFO[m|[36m2021-05-09 00:44:24,829[m|[34mvert.x-eventloop-thread-1[m|[35mHelloWorldFlow[m|[0mHelloWorldFlow is running...[m|
|[32mINFO[m|[36m2021-05-09 00:44:24,829[m|[34mvert.x-eventloop-thread-1[m|[35mValidateHelloWorldReqTask[m|[0mValidateHelloWorldReqTask is running...[m|
|[32mINFO[m|[36m2021-05-09 00:44:24,829[m|[34mvert.x-eventloop-thread-1[m|[35mValidateHelloWorldReqTask[m|[0mValidate promotion request passed[m|
|[32mINFO[m|[36m2021-05-09 00:44:24,830[m|[34mvert.x-eventloop-thread-1[m|[35mExecHelloWorldTask[m|[0mExecHelloWorldTask is running...[m|
|[32mINFO[m|[36m2021-05-09 00:44:24,830[m|[34mvert.x-eventloop-thread-1[m|[35mBuildHelloWorldRespTask[m|[0mBuildHelloWorldRespTask is running...[m|
|[32mINFO[m|[36m2021-05-09 00:44:24,831[m|[34mvert.x-eventloop-thread-1[m|[35mHelloWorldHandler[m|[0mCalculate promotion done with response: {"requestId":"602029c3-6983-44aa-b3bd-81667ed57d38","user":null,"result":0,"description":"Success","extras":{},"greeting":"Hello hoangtn"}[m|
|[32mINFO[m|[36m2021-05-09 00:44:24,831[m|[34mvert.x-eventloop-thread-1[m|[35mHelloWorldHandler[m|[0m======================================================[m|
|[32mINFO[m|[36m2021-05-09 00:44:25,488[m|[34mvert.x-eventloop-thread-1[m|[35mHelloWorldHandler[m|[0mProcessing with request: {"name":"hoangtn"}[m|
|[32mINFO[m|[36m2021-05-09 00:44:25,490[m|[34mvert.x-eventloop-thread-1[m|[35mHelloWorldFlow[m|[0mHelloWorldFlow is running...[m|
|[32mINFO[m|[36m2021-05-09 00:44:25,491[m|[34mvert.x-eventloop-thread-1[m|[35mValidateHelloWorldReqTask[m|[0mValidateHelloWorldReqTask is running...[m|
|[32mINFO[m|[36m2021-05-09 00:44:25,492[m|[34mvert.x-eventloop-thread-1[m|[35mValidateHelloWorldReqTask[m|[0mValidate promotion request passed[m|
|[32mINFO[m|[36m2021-05-09 00:44:25,493[m|[34mvert.x-eventloop-thread-1[m|[35mExecHelloWorldTask[m|[0mExecHelloWorldTask is running...[m|
|[32mINFO[m|[36m2021-05-09 00:44:25,493[m|[34mvert.x-eventloop-thread-1[m|[35mBuildHelloWorldRespTask[m|[0mBuildHelloWorldRespTask is running...[m|
|[32mINFO[m|[36m2021-05-09 00:44:25,493[m|[34mvert.x-eventloop-thread-1[m|[35mHelloWorldHandler[m|[0mCalculate promotion done with response: {"requestId":"2d28c328-e6c5-433e-b433-bd04f5550870","user":null,"result":0,"description":"Success","extras":{},"greeting":"Hello hoangtn"}[m|
|[32mINFO[m|[36m2021-05-09 00:44:25,494[m|[34mvert.x-eventloop-thread-1[m|[35mHelloWorldHandler[m|[0m======================================================[m|
|[32mINFO[m|[36m2021-05-09 00:44:26,255[m|[34mvert.x-eventloop-thread-1[m|[35mHelloWorldHandler[m|[0mProcessing with request: {"name":"hoangtn"}[m|
|[32mINFO[m|[36m2021-05-09 00:44:26,260[m|[34mvert.x-eventloop-thread-1[m|[35mHelloWorldFlow[m|[0mHelloWorldFlow is running...[m|
|[32mINFO[m|[36m2021-05-09 00:44:26,261[m|[34mvert.x-eventloop-thread-1[m|[35mValidateHelloWorldReqTask[m|[0mValidateHelloWorldReqTask is running...[m|
|[32mINFO[m|[36m2021-05-09 00:44:26,261[m|[34mvert.x-eventloop-thread-1[m|[35mValidateHelloWorldReqTask[m|[0mValidate promotion request passed[m|
|[32mINFO[m|[36m2021-05-09 00:44:26,261[m|[34mvert.x-eventloop-thread-1[m|[35mExecHelloWorldTask[m|[0mExecHelloWorldTask is running...[m|
|[32mINFO[m|[36m2021-05-09 00:44:26,264[m|[34mvert.x-eventloop-thread-1[m|[35mBuildHelloWorldRespTask[m|[0mBuildHelloWorldRespTask is running...[m|
|[32mINFO[m|[36m2021-05-09 00:44:26,266[m|[34mvert.x-eventloop-thread-1[m|[35mHelloWorldHandler[m|[0mCalculate promotion done with response: {"requestId":"3ddfa1f1-0a2d-4077-a1b2-2d3747d931b1","user":null,"result":0,"description":"Success","extras":{},"greeting":"Hello hoangtn"}[m|
|[32mINFO[m|[36m2021-05-09 00:44:26,267[m|[34mvert.x-eventloop-thread-1[m|[35mHelloWorldHandler[m|[0m======================================================[m|
|[32mINFO[m|[36m2021-05-09 00:44:26,976[m|[34mvert.x-eventloop-thread-1[m|[35mHelloWorldHandler[m|[0mProcessing with request: {"name":"hoangtn"}[m|
|[32mINFO[m|[36m2021-05-09 00:44:26,976[m|[34mvert.x-eventloop-thread-1[m|[35mHelloWorldFlow[m|[0mHelloWorldFlow is running...[m|
|[32mINFO[m|[36m2021-05-09 00:44:26,977[m|[34mvert.x-eventloop-thread-1[m|[35mValidateHelloWorldReqTask[m|[0mValidateHelloWorldReqTask is running...[m|
|[32mINFO[m|[36m2021-05-09 00:44:26,977[m|[34mvert.x-eventloop-thread-1[m|[35mValidateHelloWorldReqTask[m|[0mValidate promotion request passed[m|
|[32mINFO[m|[36m2021-05-09 00:44:26,977[m|[34mvert.x-eventloop-thread-1[m|[35mExecHelloWorldTask[m|[0mExecHelloWorldTask is running...[m|
|[32mINFO[m|[36m2021-05-09 00:44:26,977[m|[34mvert.x-eventloop-thread-1[m|[35mBuildHelloWorldRespTask[m|[0mBuildHelloWorldRespTask is running...[m|
|[32mINFO[m|[36m2021-05-09 00:44:26,978[m|[34mvert.x-eventloop-thread-1[m|[35mHelloWorldHandler[m|[0mCalculate promotion done with response: {"requestId":"f7d915d7-f975-481c-bfda-84f2a2ffe3c9","user":null,"result":0,"description":"Success","extras":{},"greeting":"Hello hoangtn"}[m|
|[32mINFO[m|[36m2021-05-09 00:44:26,978[m|[34mvert.x-eventloop-thread-1[m|[35mHelloWorldHandler[m|[0m======================================================[m|
|[32mINFO[m|[36m2021-05-09 00:44:27,642[m|[34mvert.x-eventloop-thread-1[m|[35mHelloWorldHandler[m|[0mProcessing with request: {"name":"hoangtn"}[m|
|[32mINFO[m|[36m2021-05-09 00:44:27,646[m|[34mvert.x-eventloop-thread-1[m|[35mHelloWorldFlow[m|[0mHelloWorldFlow is running...[m|
|[32mINFO[m|[36m2021-05-09 00:44:27,647[m|[34mvert.x-eventloop-thread-1[m|[35mValidateHelloWorldReqTask[m|[0mValidateHelloWorldReqTask is running...[m|
|[32mINFO[m|[36m2021-05-09 00:44:27,647[m|[34mvert.x-eventloop-thread-1[m|[35mValidateHelloWorldReqTask[m|[0mValidate promotion request passed[m|
|[32mINFO[m|[36m2021-05-09 00:44:27,648[m|[34mvert.x-eventloop-thread-1[m|[35mExecHelloWorldTask[m|[0mExecHelloWorldTask is running...[m|
|[32mINFO[m|[36m2021-05-09 00:44:27,648[m|[34mvert.x-eventloop-thread-1[m|[35mBuildHelloWorldRespTask[m|[0mBuildHelloWorldRespTask is running...[m|
|[32mINFO[m|[36m2021-05-09 00:44:27,649[m|[34mvert.x-eventloop-thread-1[m|[35mHelloWorldHandler[m|[0mCalculate promotion done with response: {"requestId":"8e971315-b495-4bf2-a13c-6dd38bc6e1da","user":null,"result":0,"description":"Success","extras":{},"greeting":"Hello hoangtn"}[m|
|[32mINFO[m|[36m2021-05-09 00:44:27,650[m|[34mvert.x-eventloop-thread-1[m|[35mHelloWorldHandler[m|[0m======================================================[m|
|[32mINFO[m|[36m2021-05-09 00:44:28,389[m|[34mvert.x-eventloop-thread-1[m|[35mHelloWorldHandler[m|[0mProcessing with request: {"name":"hoangtn"}[m|
|[32mINFO[m|[36m2021-05-09 00:44:28,394[m|[34mvert.x-eventloop-thread-1[m|[35mHelloWorldFlow[m|[0mHelloWorldFlow is running...[m|
|[32mINFO[m|[36m2021-05-09 00:44:28,394[m|[34mvert.x-eventloop-thread-1[m|[35mValidateHelloWorldReqTask[m|[0mValidateHelloWorldReqTask is running...[m|
|[32mINFO[m|[36m2021-05-09 00:44:28,396[m|[34mvert.x-eventloop-thread-1[m|[35mValidateHelloWorldReqTask[m|[0mValidate promotion request passed[m|
|[32mINFO[m|[36m2021-05-09 00:44:28,397[m|[34mvert.x-eventloop-thread-1[m|[35mExecHelloWorldTask[m|[0mExecHelloWorldTask is running...[m|
|[32mINFO[m|[36m2021-05-09 00:44:28,398[m|[34mvert.x-eventloop-thread-1[m|[35mBuildHelloWorldRespTask[m|[0mBuildHelloWorldRespTask is running...[m|
|[32mINFO[m|[36m2021-05-09 00:44:28,398[m|[34mvert.x-eventloop-thread-1[m|[35mHelloWorldHandler[m|[0mCalculate promotion done with response: {"requestId":"49ae569c-1ba2-4bab-8c3d-703dff6e334f","user":null,"result":0,"description":"Success","extras":{},"greeting":"Hello hoangtn"}[m|
|[32mINFO[m|[36m2021-05-09 00:44:28,398[m|[34mvert.x-eventloop-thread-1[m|[35mHelloWorldHandler[m|[0m======================================================[m|
|[32mINFO[m|[36m2021-05-09 00:44:33,273[m|[34mvert.x-eventloop-thread-1[m|[35mHelloWorldHandler[m|[0mProcessing with request: {"name":"Hoang"}[m|
|[32mINFO[m|[36m2021-05-09 00:44:33,276[m|[34mvert.x-eventloop-thread-1[m|[35mHelloWorldFlow[m|[0mHelloWorldFlow is running...[m|
|[32mINFO[m|[36m2021-05-09 00:44:33,276[m|[34mvert.x-eventloop-thread-1[m|[35mValidateHelloWorldReqTask[m|[0mValidateHelloWorldReqTask is running...[m|
|[32mINFO[m|[36m2021-05-09 00:44:33,277[m|[34mvert.x-eventloop-thread-1[m|[35mValidateHelloWorldReqTask[m|[0mValidate promotion request passed[m|
|[32mINFO[m|[36m2021-05-09 00:44:33,280[m|[34mvert.x-eventloop-thread-1[m|[35mExecHelloWorldTask[m|[0mExecHelloWorldTask is running...[m|
|[32mINFO[m|[36m2021-05-09 00:44:33,281[m|[34mvert.x-eventloop-thread-1[m|[35mBuildHelloWorldRespTask[m|[0mBuildHelloWorldRespTask is running...[m|
|[32mINFO[m|[36m2021-05-09 00:44:33,282[m|[34mvert.x-eventloop-thread-1[m|[35mHelloWorldHandler[m|[0mCalculate promotion done with response: {"requestId":"742a9960-8ca7-4ba3-ac46-5e95b7f52314","user":null,"result":0,"description":"Success","extras":{},"greeting":"Hello Hoang"}[m|
|[32mINFO[m|[36m2021-05-09 00:44:33,283[m|[34mvert.x-eventloop-thread-1[m|[35mHelloWorldHandler[m|[0m======================================================[m|
|[32mINFO[m|[36m2021-05-09 00:44:33,932[m|[34mvert.x-eventloop-thread-1[m|[35mHelloWorldHandler[m|[0mProcessing with request: {"name":"Hoang"}[m|
|[32mINFO[m|[36m2021-05-09 00:44:33,934[m|[34mvert.x-eventloop-thread-1[m|[35mHelloWorldFlow[m|[0mHelloWorldFlow is running...[m|
|[32mINFO[m|[36m2021-05-09 00:44:33,934[m|[34mvert.x-eventloop-thread-1[m|[35mValidateHelloWorldReqTask[m|[0mValidateHelloWorldReqTask is running...[m|
|[32mINFO[m|[36m2021-05-09 00:44:33,934[m|[34mvert.x-eventloop-thread-1[m|[35mValidateHelloWorldReqTask[m|[0mValidate promotion request passed[m|
|[32mINFO[m|[36m2021-05-09 00:44:33,935[m|[34mvert.x-eventloop-thread-1[m|[35mExecHelloWorldTask[m|[0mExecHelloWorldTask is running...[m|
|[32mINFO[m|[36m2021-05-09 00:44:33,935[m|[34mvert.x-eventloop-thread-1[m|[35mBuildHelloWorldRespTask[m|[0mBuildHelloWorldRespTask is running...[m|
|[32mINFO[m|[36m2021-05-09 00:44:33,936[m|[34mvert.x-eventloop-thread-1[m|[35mHelloWorldHandler[m|[0mCalculate promotion done with response: {"requestId":"30c08de6-9c54-4311-9717-7e0aa48cb04f","user":null,"result":0,"description":"Success","extras":{},"greeting":"Hello Hoang"}[m|
|[32mINFO[m|[36m2021-05-09 00:44:33,936[m|[34mvert.x-eventloop-thread-1[m|[35mHelloWorldHandler[m|[0m======================================================[m|
